<?xml version="1.0" encoding="UTF-8"?>
<coverage generated="1542744031">
  <project timestamp="1542744031">
    <package name="Example">
      <file name="/home/ubuntu/example-php/src/Example/Example.php">
        <class name="Example" namespace="Example">
          <metrics methods="1" coveredmethods="0" conditionals="0" coveredconditionals="0" statements="3" coveredstatements="2" elements="4" coveredelements="2"/>
        </class>
        <line num="5" type="method" name="go" crap="2.15" count="1"/>
        <line num="7" type="stmt" count="1"/>
        <line num="8" type="stmt" count="0"/>
        <line num="11" type="stmt" count="1"/>
        <metrics loc="14" ncloc="14" classes="1" methods="1" coveredmethods="0" conditionals="0" coveredconditionals="0" statements="3" coveredstatements="2" elements="4" coveredelements="2"/>
      </file>
    </package>
    <metrics files="1" loc="14" ncloc="14" classes="1" methods="1" coveredmethods="0" conditionals="0" coveredconditionals="0" statements="3" coveredstatements="2" elements="4" coveredelements="2"/>
  </project>
</coverage>
