<?xml version="1.0" encoding="UTF-8"?>
<!DOCTYPE coverage SYSTEM "http://cobertura.sourceforge.net/xml/coverage-03.dtd">
<coverage line-rate="0" branch-rate="0" version="" timestamp="1440875217716">
	<sources>
		<source>/usr/local/Cellar/go/1.5/libexec/src</source>
		<source>/Users/aiden/src/gocode/src</source>
	</sources>
	<packages>
		<package name="github.com/uber/go-torch" line-rate="0" branch-rate="0" complexity="0">
			<classes>
				<class name="defaultPprofer" filename="github.com/uber/go-torch/main.go" line-rate="0" branch-rate="0" complexity="0">
					<methods>
						<method name="runPprofCommand" signature="" line-rate="0" branch-rate="0">
							<lines>
								<line number="212" hits="0"></line>
							</lines>
						</method>
					</methods>
					<lines>
						<line number="212" hits="0"></line>
					</lines>
				</class>
			</classes>
		</package>
	</packages>
</coverage>
