<?xml version="1.0" encoding="UTF-8"?>
<!DOCTYPE coverage SYSTEM "http://cobertura.sourceforge.net/xml/coverage-03.dtd">
<coverage line-rate="0" branch-rate="0" version="" timestamp="1440875217716">
	<packages>
		<package name="github.com/uber/go-torch/graph" line-rate="0" branch-rate="0" complexity="0">
			<classes>
				<class name="defaultSearcher" filename="github.com/uber/go-torch/graph/graph.go" line-rate="0" branch-rate="0" complexity="0">
					<methods>
						<method name="dfs" signature="" line-rate="0" branch-rate="0">
							<lines>
								<line number="179" hits="1"></line>
								<line number="180" hits="1"></line>
								<line number="181" hits="1"></line>
								<line number="184" hits="1"></line>
								<line number="186" hits="1"></line>
								<line number="187" hits="1"></line>
								<line number="188" hits="1"></line>
								<line number="189" hits="1"></line>
								<line number="191" hits="1"></line>
								<line number="192" hits="1"></line>
								<line number="193" hits="1"></line>
								<line number="202" hits="1"></line>
							</lines>
						</method>
					</methods>
					<lines>
						<line number="179" hits="1"></line>
						<line number="180" hits="1"></line>
						<line number="181" hits="1"></line>
						<line number="184" hits="1"></line>
						<line number="186" hits="1"></line>
						<line number="187" hits="1"></line>
						<line number="188" hits="1"></line>
						<line number="189" hits="1"></line>
						<line number="191" hits="1"></line>
						<line number="192" hits="1"></line>
						<line number="193" hits="1"></line>
						<line number="202" hits="1"></line>
					</lines>
				</class>
				<class name="defaultPathStringer" filename="github.com/uber/go-torch/graph/graph.go" line-rate="0" branch-rate="0" complexity="0">
					<methods>
						<method name="pathAsString" signature="" line-rate="0" branch-rate="0">
							<lines>
								<line number="209" hits="1"></line>
								<line number="213" hits="1"></line>
								<line number="217" hits="1"></line>
								<line number="218" hits="1"></line>
								<line number="219" hits="1"></line>
								<line number="220" hits="0"></line>
								<line number="222" hits="1"></line>
								<line number="224" hits="1"></line>
								<line number="225" hits="1"></line>
								<line number="227" hits="1"></line>
								<line number="228" hits="1"></line>
								<line number="229" hits="1"></line>
								<line number="230" hits="1"></line>
								<line number="232" hits="1"></line>
								<line number="233" hits="1"></line>
								<line number="235" hits="1"></line>
							</lines>
						</method>
					</methods>
					<lines>
						<line number="209" hits="1"></line>
						<line number="213" hits="1"></line>
						<line number="217" hits="1"></line>
						<line number="218" hits="1"></line>
						<line number="219" hits="1"></line>
						<line number="220" hits="0"></line>
						<line number="222" hits="1"></line>
						<line number="224" hits="1"></line>
						<line number="225" hits="1"></line>
						<line number="227" hits="1"></line>
						<line number="228" hits="1"></line>
						<line number="229" hits="1"></line>
						<line number="230" hits="1"></line>
						<line number="232" hits="1"></line>
						<line number="233" hits="1"></line>
						<line number="235" hits="1"></line>
					</lines>
				</class>
				<class name="-" filename="github.com/uber/go-torch/graph/graph.go" line-rate="0" branch-rate="0" complexity="0">
					<methods>
						<method name="NewGrapher" signature="" line-rate="0" branch-rate="0">
							<lines>
								<line number="98" hits="1"></line>
							</lines>
						</method>
						<method name="newSearcher" signature="" line-rate="0" branch-rate="0">
							<lines>
								<line number="106" hits="1"></line>
							</lines>
						</method>
						<method name="getFormattedFunctionLabel" signature="" line-rate="0" branch-rate="0">
							<lines>
								<line number="241" hits="1"></line>
								<line number="242" hits="1"></line>
								<line number="243" hits="1"></line>
								<line number="244" hits="1"></line>
							</lines>
						</method>
					</methods>
					<lines>
						<line number="98" hits="1"></line>
						<line number="106" hits="1"></line>
						<line number="241" hits="1"></line>
						<line number="242" hits="1"></line>
						<line number="243" hits="1"></line>
						<line number="244" hits="1"></line>
					</lines>
				</class>
				<class name="defaultGrapher" filename="github.com/uber/go-torch/graph/graph.go" line-rate="0" branch-rate="0" complexity="0">
					<methods>
						<method name="GraphAsText" signature="" line-rate="0" branch-rate="0">
							<lines>
								<line number="113" hits="1"></line>
								<line number="114" hits="1"></line>
								<line number="115" hits="0"></line>
								<line number="117" hits="1"></line>
								<line number="118" hits="1"></line>
								<line number="120" hits="1"></line>
								<line number="121" hits="0"></line>
								<line number="123" hits="1"></line>
								<line number="124" hits="1"></line>
								<line number="125" hits="1"></line>
								<line number="127" hits="1"></line>
								<line number="128" hits="1"></line>
								<line number="130" hits="1"></line>
								<line number="131" hits="1"></line>
								<line number="141" hits="1"></line>
							</lines>
						</method>
					</methods>
					<lines>
						<line number="113" hits="1"></line>
						<line number="114" hits="1"></line>
						<line number="115" hits="0"></line>
						<line number="117" hits="1"></line>
						<line number="118" hits="1"></line>
						<line number="120" hits="1"></line>
						<line number="121" hits="0"></line>
						<line number="123" hits="1"></line>
						<line number="124" hits="1"></line>
						<line number="125" hits="1"></line>
						<line number="127" hits="1"></line>
						<line number="128" hits="1"></line>
						<line number="130" hits="1"></line>
						<line number="131" hits="1"></line>
						<line number="141" hits="1"></line>
					</lines>
				</class>
				<class name="defaultCollectionGetter" filename="github.com/uber/go-torch/graph/graph.go" line-rate="0" branch-rate="0" complexity="0">
					<methods>
						<method name="generateNodeToOutEdges" signature="" line-rate="0" branch-rate="0">
							<lines>
								<line number="147" hits="1"></line>
								<line number="148" hits="1"></line>
								<line number="149" hits="1"></line>
								<line number="151" hits="1"></line>
							</lines>
						</method>
						<method name="getInDegreeZeroNodes" signature="" line-rate="0" branch-rate="0">
							<lines>
								<line number="157" hits="1"></line>
								<line number="158" hits="1"></line>
								<line number="159" hits="1"></line>
								<line number="160" hits="1"></line>
								<line number="161" hits="1"></line>
								<line number="163" hits="1"></line>
								<line number="167" hits="1"></line>
								<line number="168" hits="1"></line>
								<line number="169" hits="1"></line>
								<line number="172" hits="1"></line>
							</lines>
						</method>
					</methods>
					<lines>
						<line number="147" hits="1"></line>
						<line number="148" hits="1"></line>
						<line number="149" hits="1"></line>
						<line number="151" hits="1"></line>
						<line number="157" hits="1"></line>
						<line number="158" hits="1"></line>
						<line number="159" hits="1"></line>
						<line number="160" hits="1"></line>
						<line number="161" hits="1"></line>
						<line number="163" hits="1"></line>
						<line number="167" hits="1"></line>
						<line number="168" hits="1"></line>
						<line number="169" hits="1"></line>
						<line number="172" hits="1"></line>
					</lines>
				</class>
			</classes>
		</package>
	</packages>
</coverage>
