<?xml version="1.0" encoding="UTF-8"?>
<!DOCTYPE coverage SYSTEM "http://cobertura.sourceforge.net/xml/coverage-03.dtd">
<coverage line-rate="0" branch-rate="0" version="" timestamp="1440875217716">
	<sources>
		<source>/usr/local/Cellar/go/1.5/libexec/src</source>
		<source>/Users/aiden/src/gocode/src</source>
	</sources>
	<packages>
		<package name="github.com/uber/go-torch" line-rate="0" branch-rate="0" complexity="0">
			<classes>
				<class name="defaultPprofer" filename="github.com/uber/go-torch/main.go" line-rate="0" branch-rate="0" complexity="0">
					<methods>
						<method name="runPprofCommand" signature="" line-rate="0" branch-rate="0">
							<lines>
								<line number="212" hits="1"></line>
								<line number="213" hits="1"></line>
								<line number="215" hits="1"></line>
								<line number="216" hits="1"></line>
								<line number="217" hits="1"></line>
								<line number="218" hits="1"></line>
								<line number="219" hits="1"></line>
								<line number="220" hits="1"></line>
								<line number="226" hits="1"></line>
								<line number="227" hits="1"></line>
								<line number="228" hits="1"></line>
								<line number="231" hits="1"></line>
							</lines>
						</method>
					</methods>
					<lines>
						<line number="212" hits="1"></line>
						<line number="213" hits="1"></line>
						<line number="215" hits="1"></line>
						<line number="216" hits="1"></line>
						<line number="217" hits="1"></line>
						<line number="218" hits="1"></line>
						<line number="219" hits="1"></line>
						<line number="220" hits="1"></line>
						<line number="226" hits="1"></line>
						<line number="227" hits="1"></line>
						<line number="228" hits="1"></line>
						<line number="231" hits="1"></line>
					</lines>
				</class>
				<class name="defaultOSWrapper" filename="github.com/uber/go-torch/main.go" line-rate="0" branch-rate="0" complexity="0">
					<methods>
						<method name="cmdOutput" signature="" line-rate="0" branch-rate="0">
							<lines>
								<line number="236" hits="0"></line>
							</lines>
						</method>
					</methods>
					<lines>
						<line number="236" hits="0"></line>
					</lines>
				</class>
				<class name="defaultValidator" filename="github.com/uber/go-torch/main.go" line-rate="0" branch-rate="0" complexity="0">
					<methods>
						<method name="validateArgument" signature="" line-rate="0" branch-rate="0">
							<lines>
								<line number="242" hits="1"></line>
								<line number="243" hits="1"></line>
								<line number="244" hits="1"></line>
								<line number="246" hits="1"></line>
							</lines>
						</method>
					</methods>
					<lines>
						<line number="242" hits="1"></line>
						<line number="243" hits="1"></line>
						<line number="244" hits="1"></line>
						<line number="246" hits="1"></line>
					</lines>
				</class>
				<class name="-" filename="github.com/uber/go-torch/main.go" line-rate="0" branch-rate="0" complexity="0">
					<methods>
						<method name="newTorcher" signature="" line-rate="0" branch-rate="0">
							<lines>
								<line number="79" hits="1"></line>
							</lines>
						</method>
						<method name="newCommander" signature="" line-rate="0" branch-rate="0">
							<lines>
								<line number="86" hits="1"></line>
							</lines>
						</method>
						<method name="newPprofer" signature="" line-rate="0" branch-rate="0">
							<lines>
								<line number="95" hits="1"></line>
							</lines>
						</method>
						<method name="main" signature="" line-rate="0" branch-rate="0">
							<lines>
								<line number="102" hits="0"></line>
								<line number="103" hits="0"></line>
							</lines>
						</method>
					</methods>
					<lines>
						<line number="79" hits="1"></line>
						<line number="86" hits="1"></line>
						<line number="95" hits="1"></line>
						<line number="102" hits="0"></line>
						<line number="103" hits="0"></line>
					</lines>
				</class>
				<class name="torcher" filename="github.com/uber/go-torch/main.go" line-rate="0" branch-rate="0" complexity="0">
					<methods>
						<method name="createAndRunApp" signature="" line-rate="0" branch-rate="0">
							<lines>
								<line number="108" hits="1"></line>
								<line number="109" hits="1"></line>
								<line number="110" hits="1"></line>
								<line number="111" hits="1"></line>
								<line number="112" hits="1"></line>
								<line number="113" hits="1"></line>
								<line number="155" hits="1"></line>
								<line number="156" hits="1"></line>
							</lines>
						</method>
					</methods>
					<lines>
						<line number="108" hits="1"></line>
						<line number="109" hits="1"></line>
						<line number="110" hits="1"></line>
						<line number="111" hits="1"></line>
						<line number="112" hits="1"></line>
						<line number="113" hits="1"></line>
						<line number="155" hits="1"></line>
						<line number="156" hits="1"></line>
					</lines>
				</class>
				<class name="defaultCommander" filename="github.com/uber/go-torch/main.go" line-rate="0" branch-rate="0" complexity="0">
					<methods>
						<method name="goTorchCommand" signature="" line-rate="0" branch-rate="0">
							<lines>
								<line number="161" hits="1"></line>
								<line number="162" hits="1"></line>
								<line number="163" hits="1"></line>
								<line number="164" hits="1"></line>
								<line number="165" hits="1"></line>
								<line number="166" hits="1"></line>
								<line number="168" hits="1"></line>
								<line number="169" hits="1"></line>
								<line number="170" hits="0"></line>
								<line number="173" hits="1"></line>
								<line number="175" hits="1"></line>
								<line number="176" hits="1"></line>
								<line number="177" hits="1"></line>
								<line number="178" hits="1"></line>
								<line number="180" hits="1"></line>
								<line number="182" hits="1"></line>
								<line number="183" hits="1"></line>
								<line number="184" hits="0"></line>
								<line number="186" hits="1"></line>
								<line number="187" hits="1"></line>
								<line number="190" hits="1"></line>
								<line number="191" hits="1"></line>
								<line number="192" hits="0"></line>
								<line number="194" hits="1"></line>
								<line number="195" hits="1"></line>
								<line number="196" hits="0"></line>
								<line number="198" hits="1"></line>
								<line number="199" hits="1"></line>
								<line number="200" hits="1"></line>
								<line number="201" hits="1"></line>
								<line number="202" hits="1"></line>
								<line number="204" hits="1"></line>
								<line number="205" hits="0"></line>
							</lines>
						</method>
					</methods>
					<lines>
						<line number="161" hits="1"></line>
						<line number="162" hits="1"></line>
						<line number="163" hits="1"></line>
						<line number="164" hits="1"></line>
						<line number="165" hits="1"></line>
						<line number="166" hits="1"></line>
						<line number="168" hits="1"></line>
						<line number="169" hits="1"></line>
						<line number="170" hits="0"></line>
						<line number="173" hits="1"></line>
						<line number="175" hits="1"></line>
						<line number="176" hits="1"></line>
						<line number="177" hits="1"></line>
						<line number="178" hits="1"></line>
						<line number="180" hits="1"></line>
						<line number="182" hits="1"></line>
						<line number="183" hits="1"></line>
						<line number="184" hits="0"></line>
						<line number="186" hits="1"></line>
						<line number="187" hits="1"></line>
						<line number="190" hits="1"></line>
						<line number="191" hits="1"></line>
						<line number="192" hits="0"></line>
						<line number="194" hits="1"></line>
						<line number="195" hits="1"></line>
						<line number="196" hits="0"></line>
						<line number="198" hits="1"></line>
						<line number="199" hits="1"></line>
						<line number="200" hits="1"></line>
						<line number="201" hits="1"></line>
						<line number="202" hits="1"></line>
						<line number="204" hits="1"></line>
						<line number="205" hits="0"></line>
					</lines>
				</class>
			</classes>
		</package>
		<package name="github.com/uber/go-torch/graph" line-rate="0" branch-rate="0" complexity="0">
			<classes>
				<class name="defaultSearcher" filename="github.com/uber/go-torch/graph/graph.go" line-rate="0" branch-rate="0" complexity="0">
					<methods>
						<method name="dfs" signature="" line-rate="0" branch-rate="0">
							<lines>
								<line number="179" hits="1"></line>
								<line number="180" hits="1"></line>
								<line number="181" hits="1"></line>
								<line number="184" hits="1"></line>
								<line number="186" hits="1"></line>
								<line number="187" hits="1"></line>
								<line number="188" hits="1"></line>
								<line number="189" hits="1"></line>
								<line number="191" hits="1"></line>
								<line number="192" hits="1"></line>
								<line number="193" hits="1"></line>
								<line number="202" hits="1"></line>
							</lines>
						</method>
					</methods>
					<lines>
						<line number="179" hits="1"></line>
						<line number="180" hits="1"></line>
						<line number="181" hits="1"></line>
						<line number="184" hits="1"></line>
						<line number="186" hits="1"></line>
						<line number="187" hits="1"></line>
						<line number="188" hits="1"></line>
						<line number="189" hits="1"></line>
						<line number="191" hits="1"></line>
						<line number="192" hits="1"></line>
						<line number="193" hits="1"></line>
						<line number="202" hits="1"></line>
					</lines>
				</class>
				<class name="defaultPathStringer" filename="github.com/uber/go-torch/graph/graph.go" line-rate="0" branch-rate="0" complexity="0">
					<methods>
						<method name="pathAsString" signature="" line-rate="0" branch-rate="0">
							<lines>
								<line number="209" hits="1"></line>
								<line number="213" hits="1"></line>
								<line number="217" hits="1"></line>
								<line number="218" hits="1"></line>
								<line number="219" hits="1"></line>
								<line number="220" hits="0"></line>
								<line number="222" hits="1"></line>
								<line number="224" hits="1"></line>
								<line number="225" hits="1"></line>
								<line number="227" hits="1"></line>
								<line number="228" hits="1"></line>
								<line number="229" hits="1"></line>
								<line number="230" hits="1"></line>
								<line number="232" hits="1"></line>
								<line number="233" hits="1"></line>
								<line number="235" hits="1"></line>
							</lines>
						</method>
					</methods>
					<lines>
						<line number="209" hits="1"></line>
						<line number="213" hits="1"></line>
						<line number="217" hits="1"></line>
						<line number="218" hits="1"></line>
						<line number="219" hits="1"></line>
						<line number="220" hits="0"></line>
						<line number="222" hits="1"></line>
						<line number="224" hits="1"></line>
						<line number="225" hits="1"></line>
						<line number="227" hits="1"></line>
						<line number="228" hits="1"></line>
						<line number="229" hits="1"></line>
						<line number="230" hits="1"></line>
						<line number="232" hits="1"></line>
						<line number="233" hits="1"></line>
						<line number="235" hits="1"></line>
					</lines>
				</class>
				<class name="-" filename="github.com/uber/go-torch/graph/graph.go" line-rate="0" branch-rate="0" complexity="0">
					<methods>
						<method name="NewGrapher" signature="" line-rate="0" branch-rate="0">
							<lines>
								<line number="98" hits="1"></line>
							</lines>
						</method>
						<method name="newSearcher" signature="" line-rate="0" branch-rate="0">
							<lines>
								<line number="106" hits="1"></line>
							</lines>
						</method>
						<method name="getFormattedFunctionLabel" signature="" line-rate="0" branch-rate="0">
							<lines>
								<line number="241" hits="1"></line>
								<line number="242" hits="1"></line>
								<line number="243" hits="1"></line>
								<line number="244" hits="1"></line>
							</lines>
						</method>
					</methods>
					<lines>
						<line number="98" hits="1"></line>
						<line number="106" hits="1"></line>
						<line number="241" hits="1"></line>
						<line number="242" hits="1"></line>
						<line number="243" hits="1"></line>
						<line number="244" hits="1"></line>
					</lines>
				</class>
				<class name="defaultGrapher" filename="github.com/uber/go-torch/graph/graph.go" line-rate="0" branch-rate="0" complexity="0">
					<methods>
						<method name="GraphAsText" signature="" line-rate="0" branch-rate="0">
							<lines>
								<line number="113" hits="1"></line>
								<line number="114" hits="1"></line>
								<line number="115" hits="0"></line>
								<line number="117" hits="1"></line>
								<line number="118" hits="1"></line>
								<line number="120" hits="1"></line>
								<line number="121" hits="0"></line>
								<line number="123" hits="1"></line>
								<line number="124" hits="1"></line>
								<line number="125" hits="1"></line>
								<line number="127" hits="1"></line>
								<line number="128" hits="1"></line>
								<line number="130" hits="1"></line>
								<line number="131" hits="1"></line>
								<line number="141" hits="1"></line>
							</lines>
						</method>
					</methods>
					<lines>
						<line number="113" hits="1"></line>
						<line number="114" hits="1"></line>
						<line number="115" hits="0"></line>
						<line number="117" hits="1"></line>
						<line number="118" hits="1"></line>
						<line number="120" hits="1"></line>
						<line number="121" hits="0"></line>
						<line number="123" hits="1"></line>
						<line number="124" hits="1"></line>
						<line number="125" hits="1"></line>
						<line number="127" hits="1"></line>
						<line number="128" hits="1"></line>
						<line number="130" hits="1"></line>
						<line number="131" hits="1"></line>
						<line number="141" hits="1"></line>
					</lines>
				</class>
				<class name="defaultCollectionGetter" filename="github.com/uber/go-torch/graph/graph.go" line-rate="0" branch-rate="0" complexity="0">
					<methods>
						<method name="generateNodeToOutEdges" signature="" line-rate="0" branch-rate="0">
							<lines>
								<line number="147" hits="1"></line>
								<line number="148" hits="1"></line>
								<line number="149" hits="1"></line>
								<line number="151" hits="1"></line>
							</lines>
						</method>
						<method name="getInDegreeZeroNodes" signature="" line-rate="0" branch-rate="0">
							<lines>
								<line number="157" hits="1"></line>
								<line number="158" hits="1"></line>
								<line number="159" hits="1"></line>
								<line number="160" hits="1"></line>
								<line number="161" hits="1"></line>
								<line number="163" hits="1"></line>
								<line number="167" hits="1"></line>
								<line number="168" hits="1"></line>
								<line number="169" hits="1"></line>
								<line number="172" hits="1"></line>
							</lines>
						</method>
					</methods>
					<lines>
						<line number="147" hits="1"></line>
						<line number="148" hits="1"></line>
						<line number="149" hits="1"></line>
						<line number="151" hits="1"></line>
						<line number="157" hits="1"></line>
						<line number="158" hits="1"></line>
						<line number="159" hits="1"></line>
						<line number="160" hits="1"></line>
						<line number="161" hits="1"></line>
						<line number="163" hits="1"></line>
						<line number="167" hits="1"></line>
						<line number="168" hits="1"></line>
						<line number="169" hits="1"></line>
						<line number="172" hits="1"></line>
					</lines>
				</class>
			</classes>
		</package>
		<package name="github.com/uber/go-torch/visualization" line-rate="0" branch-rate="0" complexity="0">
			<classes>
				<class name="-" filename="github.com/uber/go-torch/visualization/visualization.go" line-rate="0" branch-rate="0" complexity="0">
					<methods>
						<method name="newExecutor" signature="" line-rate="0" branch-rate="0">
							<lines>
								<line number="67" hits="1"></line>
							</lines>
						</method>
						<method name="NewVisualizer" signature="" line-rate="0" branch-rate="0">
							<lines>
								<line number="74" hits="1"></line>
							</lines>
						</method>
					</methods>
					<lines>
						<line number="67" hits="1"></line>
						<line number="74" hits="1"></line>
					</lines>
				</class>
				<class name="defaultVisualizer" filename="github.com/uber/go-torch/visualization/visualization.go" line-rate="0" branch-rate="0" complexity="0">
					<methods>
						<method name="GenerateFlameGraph" signature="" line-rate="0" branch-rate="0">
							<lines>
								<line number="81" hits="1"></line>
								<line number="82" hits="1"></line>
								<line number="83" hits="1"></line>
								<line number="85" hits="1"></line>
								<line number="86" hits="1"></line>
								<line number="87" hits="1"></line>
								<line number="88" hits="1"></line>
								<line number="90" hits="1"></line>
								<line number="91" hits="0"></line>
								<line number="93" hits="1"></line>
								<line number="95" hits="1"></line>
							</lines>
						</method>
					</methods>
					<lines>
						<line number="81" hits="1"></line>
						<line number="82" hits="1"></line>
						<line number="83" hits="1"></line>
						<line number="85" hits="1"></line>
						<line number="86" hits="1"></line>
						<line number="87" hits="1"></line>
						<line number="88" hits="1"></line>
						<line number="90" hits="1"></line>
						<line number="91" hits="0"></line>
						<line number="93" hits="1"></line>
						<line number="95" hits="1"></line>
					</lines>
				</class>
				<class name="defaultExecutor" filename="github.com/uber/go-torch/visualization/visualization.go" line-rate="0" branch-rate="0" complexity="0">
					<methods>
						<method name="runPerlScript" signature="" line-rate="0" branch-rate="0">
							<lines>
								<line number="101" hits="1"></line>
								<line number="102" hits="1"></line>
								<line number="103" hits="0"></line>
								<line number="105" hits="1"></line>
								<line number="106" hits="1"></line>
								<line number="107" hits="1"></line>
								<line number="108" hits="1"></line>
								<line number="110" hits="1"></line>
								<line number="111" hits="1"></line>
								<line number="114" hits="1"></line>
								<line number="115" hits="1"></line>
								<line number="117" hits="1"></line>
								<line number="118" hits="1"></line>
								<line number="119" hits="1"></line>
								<line number="120" hits="1"></line>
							</lines>
						</method>
						<method name="createFile" signature="" line-rate="0" branch-rate="0">
							<lines>
								<line number="136" hits="1"></line>
								<line number="137" hits="1"></line>
								<line number="138" hits="1"></line>
								<line number="139" hits="0"></line>
								<line number="141" hits="1"></line>
								<line number="143" hits="1"></line>
								<line number="144" hits="1"></line>
								<line number="145" hits="0"></line>
								<line number="147" hits="1"></line>
							</lines>
						</method>
					</methods>
					<lines>
						<line number="101" hits="1"></line>
						<line number="102" hits="1"></line>
						<line number="103" hits="0"></line>
						<line number="105" hits="1"></line>
						<line number="106" hits="1"></line>
						<line number="107" hits="1"></line>
						<line number="108" hits="1"></line>
						<line number="110" hits="1"></line>
						<line number="111" hits="1"></line>
						<line number="114" hits="1"></line>
						<line number="115" hits="1"></line>
						<line number="117" hits="1"></line>
						<line number="118" hits="1"></line>
						<line number="119" hits="1"></line>
						<line number="120" hits="1"></line>
						<line number="136" hits="1"></line>
						<line number="137" hits="1"></line>
						<line number="138" hits="1"></line>
						<line number="139" hits="0"></line>
						<line number="141" hits="1"></line>
						<line number="143" hits="1"></line>
						<line number="144" hits="1"></line>
						<line number="145" hits="0"></line>
						<line number="147" hits="1"></line>
					</lines>
				</class>
				<class name="defaultOSWrapper" filename="github.com/uber/go-torch/visualization/visualization.go" line-rate="0" branch-rate="0" complexity="0">
					<methods>
						<method name="execLookPath" signature="" line-rate="0" branch-rate="0">
							<lines>
								<line number="125" hits="0"></line>
							</lines>
						</method>
						<method name="cmdOutput" signature="" line-rate="0" branch-rate="0">
							<lines>
								<line number="130" hits="0"></line>
							</lines>
						</method>
					</methods>
					<lines>
						<line number="125" hits="0"></line>
						<line number="130" hits="0"></line>
					</lines>
				</class>
			</classes>
		</package>
	</packages>
</coverage>
