<?xml version="1.0" ?>
<coverage branch-rate="0.9675" line-rate="0.9899" timestamp="1449019181205" version="4.0.3">
    <!-- Generated by coverage.py: https://coverage.readthedocs.org -->
    <!-- Based on https://raw.githubusercontent.com/cobertura/web/f0366e5e2cf18f111cbd61fc34ef720a6584ba02/htdocs/xml/coverage-03.dtd -->
    <sources>
        <source>.</source>
        <source>example</source>
    </sources>
    <packages>
        <package branch-rate="0.9702" complexity="0" line-rate="0.9933" name="example">
            <classes>
                <class branch-rate="1" complexity="0" filename="example/__init__.py" line-rate="1" name="__init__.py">
                    <methods/>
                    <lines/>
                </class>
                <class branch-rate="1" complexity="0" filename="example/file_1.py" line-rate="1" name="file_1.py">
                    <methods/>
                    <lines>
                        <line hits="1" number="3"/>
                        <line hits="1" number="4"/>
                        <line hits="1" number="5"/>
                        <line hits="1" number="7"/>
                        <line hits="1" number="8"/>
                        <line hits="1" number="10"/>
                        <line hits="1" number="13"/>
                        <line hits="1" number="20"/>
                        <line hits="1" number="21"/>
                        <line hits="1" number="23"/>
                        <line hits="1" number="24"/>
                        <line hits="1" number="25"/>
                        <line hits="1" number="27"/>
                        <line hits="1" number="28"/>
                        <line hits="1" number="29"/>
                        <line hits="1" number="30"/>
                        <line hits="1" number="31"/>
                        <line hits="1" number="33"/>
                        <line hits="1" number="34"/>
                        <line branch="true" condition-coverage="100% (2/2)" hits="1" number="35"/>
                        <line hits="1" number="36"/>
                        <line hits="1" number="37"/>
                        <line hits="1" number="38"/>
                        <line hits="1" number="39"/>
                        <line hits="1" number="41"/>
                        <line hits="1" number="42"/>
                        <line hits="1" number="45"/>
                        <line hits="1" number="46"/>
                        <line hits="1" number="59"/>
                        <line hits="1" number="60"/>
                        <line hits="1" number="61"/>
                        <line hits="1" number="63"/>
                        <line hits="1" number="64"/>
                        <line hits="1" number="65"/>
                        <line hits="1" number="66"/>
                        <line hits="1" number="67"/>
                        <line hits="1" number="68"/>
                        <line branch="true" condition-coverage="100% (3/3)" hits="1" number="71"/>
                        <line hits="1" number="72"/>
                        <line hits="1" number="73"/>
                        <line hits="1" number="75"/>
                        <line branch="true" condition-coverage="100% (2/2)" hits="1" number="76"/>
                        <line hits="1" number="77"/>
                        <line hits="1" number="78"/>
                    </lines>
                </class>
               <class branch-rate="0.9524" complexity="0" filename="example/lib.py" line-rate="0.9895" name="lib.py">
                    <methods/>
                    <lines>
                        <line hits="1" number="3"/>
                        <line hits="1" number="4"/>
                        <line hits="1" number="5"/>
                        <line hits="1" number="6"/>
                        <line hits="1" number="7"/>
                        <line hits="1" number="8"/>
                        <line hits="1" number="9"/>
                        <line hits="1" number="11"/>
                        <line hits="1" number="12"/>
                        <line hits="1" number="14"/>
                        <line hits="1" number="15"/>
                        <line hits="1" number="16"/>
                        <line hits="1" number="19"/>
                        <line hits="1" number="28"/>
                        <line hits="1" number="35"/>
                        <line hits="1" number="36"/>
                        <line hits="1" number="37"/>
                        <line branch="true" condition-coverage="100% (2/2)" hits="1" number="38"/>
                        <line branch="true" condition-coverage="100% (2/2)" hits="1" number="39"/>
                        <line hits="1" number="40"/>
                        <line hits="1" number="42"/>
                        <line branch="true" condition-coverage="100% (2/2)" hits="1" number="43"/>
                        <line hits="1" number="44"/>
                        <line hits="1" number="45"/>
                        <line hits="1" number="48"/>
                        <line hits="1" number="58"/>
                        <line hits="1" number="66"/>
                        <line hits="1" number="67"/>
                        <line hits="1" number="68"/>
                        <line hits="1" number="69"/>
                        <line branch="true" condition-coverage="100% (2/2)" hits="1" number="70"/>
                        <line branch="true" condition-coverage="100% (2/2)" hits="1" number="71"/>
                        <line branch="true" condition-coverage="100% (2/2)" hits="1" number="74"/>
                        <line hits="1" number="75"/>
                        <line hits="1" number="77"/>
                        <line branch="true" condition-coverage="50% (1/2)" hits="1" missing-branches="79" number="78"/>
                        <line hits="0" number="79"/>
                        <line branch="true" condition-coverage="100% (2/2)" hits="1" number="80"/>
                        <line hits="1" number="81"/>
                        <line hits="1" number="82"/>
                        <line hits="1" number="85"/>
                        <line hits="1" number="95"/>
                        <line hits="1" number="96"/>
                        <line hits="1" number="97"/>
                        <line hits="1" number="100"/>
                        <line hits="1" number="112"/>
                        <line hits="1" number="113"/>
                        <line hits="1" number="114"/>
                        <line branch="true" condition-coverage="100% (2/2)" hits="1" number="115"/>
                        <line hits="1" number="116"/>
                        <line hits="1" number="117"/>
                        <line branch="true" condition-coverage="100% (2/2)" hits="1" number="118"/>
                        <line hits="1" number="119"/>
                        <line hits="1" number="121"/>
                        <line hits="1" number="122"/>
                        <line hits="1" number="123"/>
                        <line branch="true" condition-coverage="100% (2/2)" hits="1" number="124"/>
                        <line hits="1" number="125"/>
                        <line hits="1" number="128"/>
                        <line branch="true" condition-coverage="100% (3/3)" hits="1" number="129"/>
                        <line hits="1" number="134"/>
                        <line hits="1" number="137"/>
                        <line hits="1" number="140"/>
                        <line branch="true" condition-coverage="100% (2/2)" hits="1" number="141"/>
                        <line hits="1" number="144"/>
                        <line hits="1" number="152"/>
                        <line hits="1" number="159"/>
                        <line branch="true" condition-coverage="100% (2/2)" hits="1" number="160"/>
                        <line hits="1" number="161"/>
                        <line hits="1" number="162"/>
                        <line hits="1" number="163"/>
                        <line hits="1" number="164"/>
                        <line hits="1" number="167"/>
                        <line hits="1" number="173"/>
                        <line hits="1" number="174"/>
                        <line hits="1" number="177"/>
                        <line hits="1" number="185"/>
                        <line hits="1" number="186"/>
                        <line branch="true" condition-coverage="100% (2/2)" hits="1" number="189"/>
                        <line branch="true" condition-coverage="100% (3/3)" hits="1" number="191"/>
                        <line hits="1" number="192"/>
                        <line hits="1" number="193"/>
                        <line branch="true" condition-coverage="100% (2/2)" hits="1" number="194"/>
                        <line hits="1" number="195"/>
                        <line hits="1" number="196"/>
                        <line hits="1" number="199"/>
                        <line branch="true" condition-coverage="100% (2/2)" hits="1" number="200"/>
                        <line hits="1" number="201"/>
                        <line hits="1" number="202"/>
                        <line hits="1" number="203"/>
                        <line branch="true" condition-coverage="100% (2/2)" hits="1" number="204"/>
                        <line hits="1" number="205"/>
                        <line hits="1" number="206"/>
                        <line branch="true" condition-coverage="50% (1/2)" hits="1" missing-branches="exit" number="207"/>
                        <line hits="1" number="208"/>
                    </lines>
                </class>
            </classes>
        </package>
        <package branch-rate="1" complexity="0" line-rate="1" name="example.subpackage">
            <classes>
                <class branch-rate="1" complexity="0" filename="example/subpackage/__init__.py" line-rate="1" name="__init__.py">
                    <methods/>
                    <lines/>
                </class>
                <class branch-rate="1" complexity="0" filename="example/subpackage/base.py" line-rate="1" name="base.py">
                    <methods/>
                    <lines>
                        <line hits="1" number="3"/>
                        <line hits="1" number="5"/>
                        <line hits="1" number="8"/>
                        <line hits="1" number="20"/>
                        <line hits="1" number="21"/>
                        <line hits="1" number="22"/>
                        <line hits="1" number="23"/>
                        <line hits="1" number="24"/>
                        <line hits="1" number="26"/>
                        <line hits="1" number="32"/>
                        <line branch="true" condition-coverage="100% (2/2)" hits="1" number="33"/>
                        <line hits="1" number="34"/>
                        <line branch="true" condition-coverage="100% (2/2)" hits="1" number="35"/>
                        <line hits="1" number="36"/>
                        <line branch="true" condition-coverage="100% (2/2)" hits="1" number="37"/>
                        <line hits="1" number="38"/>
                        <line branch="true" condition-coverage="100% (2/2)" hits="1" number="39"/>
                        <line hits="1" number="40"/>
                        <line branch="true" condition-coverage="100% (2/2)" hits="1" number="41"/>
                        <line hits="1" number="42"/>
                        <line hits="1" number="44"/>
                        <line hits="1" number="46"/>
                        <line hits="1" number="47"/>
                        <line hits="1" number="48"/>
                        <line hits="1" number="49"/>
                        <line branch="true" condition-coverage="100% (2/2)" hits="1" number="50"/>
                        <line hits="1" number="51"/>
                        <line hits="1" number="52"/>
                        <line hits="1" number="53"/>
                        <line hits="1" number="54"/>
                        <line hits="1" number="56"/>
                        <line branch="true" condition-coverage="100% (2/2)" hits="1" number="59"/>
                        <line branch="true" condition-coverage="100% (2/2)" hits="1" number="60"/>
                        <line hits="1" number="61"/>
                        <line branch="true" condition-coverage="100% (3/3)" hits="1" number="62"/>
                        <line hits="1" number="63"/>
                        <line hits="1" number="64"/>
                        <line hits="1" number="65"/>
                        <line hits="1" number="66"/>
                        <line hits="1" number="67"/>
                        <line hits="1" number="68"/>
                        <line hits="1" number="70"/>
                        <line hits="1" number="73"/>
                        <line hits="1" number="74"/>
                        <line hits="1" number="76"/>
                        <line hits="1" number="79"/>
                        <line hits="1" number="81"/>
                        <line hits="1" number="84"/>
                        <line hits="1" number="86"/>
                        <line hits="1" number="89"/>
                        <line hits="1" number="91"/>
                        <line hits="1" number="94"/>
                    </lines>
                </class>
             </classes>
        </package>
    </packages>
</coverage>
